<?xml version="1.0" encoding="UTF-8"?>
<!-- Generated by org.testng.reporters.JUnitXMLReporter -->
<testsuite hostname="Welcome-PC" ignored="1" name="test" tests="2" failures="0" timestamp="02 Aug 2017 14:47:15 GMT" time="0.32" errors="0">
  <testcase name="fundTransfer" time="0.013" classname="com.test.GroupingTests"/>
  <testcase name="search" time="0.003" classname="com.test.GroupingTests"/>
  <testcase name="billPayment" time="0.0" classname="com.test.GroupingTests">
    <ignored/>
  </testcase> <!-- billPayment -->
</testsuite> <!-- test -->
