<?xml version="1.0" encoding="UTF-8"?>
<!-- Generated by org.testng.reporters.JUnitXMLReporter -->
<testsuite hostname="Welcome-PC" ignored="0" name="Command line test" tests="5" failures="1" timestamp="04 Aug 2017 10:46:30 GMT" time="45.812" errors="0">
  <testcase name="testChromeDriverSelenium" time="45.343" classname="com.local.home.selenium.testing.GoogleSearchTest"/>
  <testcase name="testProperties" time="0.001" classname="com.test.TestProperties">
    <failure type="java.io.FileNotFoundException" message="E:\SOFTWARE\SELENIUM\Eclipse_Workspace\SeleniumTestingE:\SOFTWARE\SELENIUM\Eclipse_Workspace\SeleniumTesting\src\test\java\com\test\Test1.properties (The filename, directory name, or volume label syntax is incorrect)">
      <![CDATA[java.io.FileNotFoundException: E:\SOFTWARE\SELENIUM\Eclipse_Workspace\SeleniumTestingE:\SOFTWARE\SELENIUM\Eclipse_Workspace\SeleniumTesting\src\test\java\com\test\Test1.properties (The filename, directory name, or volume label syntax is incorrect)
	at java.io.FileInputStream.open0(Native Method)
	at java.io.FileInputStream.open(FileInputStream.java:195)
	at java.io.FileInputStream.<init>(FileInputStream.java:138)
	at java.io.FileReader.<init>(FileReader.java:72)
	at com.test.TestBase.loadData(TestBase.java:15)
	at com.test.TestBase.getObject(TestBase.java:21)
	at com.test.TestProperties.testProperties(TestProperties.java:15)
... Removed 35 stack frames]]>
    </failure>
  </testcase> <!-- testProperties -->
  <testcase name="login" time="0.001" classname="com.test.PriorityWiseTest"/>
  <testcase name="logout" time="0.001" classname="com.test.PriorityWiseTest"/>
  <testcase name="search" time="0.001" classname="com.test.PriorityWiseTest"/>
</testsuite> <!-- Command line test -->
