<?xml version="1.0" encoding="UTF-8" ?>
<testsuite tests="5" failures="1" name="TestSuite" time="45.743" errors="0" skipped="0">
  <properties>
[...]
</properties>
  <testcase classname="com.local.home.selenium.testing.GoogleSearchTest" name="testChromeDriverSelenium" time="45.689"/>
  <testcase classname="com.test.TestProperties" name="testProperties" time="0.054">
    <failure message="E:\SOFTWARE\SELENIUM\Eclipse_Workspace\SeleniumTestingE:\SOFTWARE\SELENIUM\Eclipse_Workspace\SeleniumTesting\src\test\java\com\test\Test1.properties (The filename, directory name, or volume label syntax is incorrect)" type="java.io.FileNotFoundException">java.io.FileNotFoundException: E:\SOFTWARE\SELENIUM\Eclipse_Workspace\SeleniumTestingE:\SOFTWARE\SELENIUM\Eclipse_Workspace\SeleniumTesting\src\test\java\com\test\Test1.properties (The filename, directory name, or volume label syntax is incorrect)
	at java.io.FileInputStream.open0(Native Method)
	at java.io.FileInputStream.open(FileInputStream.java:195)
	at java.io.FileInputStream.&lt;init&gt;(FileInputStream.java:138)
	at java.io.FileReader.&lt;init&gt;(FileReader.java:72)
	at com.test.TestBase.loadData(TestBase.java:15)
	at com.test.TestBase.getObject(TestBase.java:21)
	at com.test.TestProperties.testProperties(TestProperties.java:15)
</failure>
  </testcase>
  <testcase classname="com.test.PriorityWiseTest" name="login" time="0"/>
  <testcase classname="com.test.PriorityWiseTest" name="logout" time="0"/>
  <testcase classname="com.test.PriorityWiseTest" name="search" time="0"/>
</testsuite>