<?xml version="1.0" encoding="UTF-8"?>
<testng-results skipped="0" failed="0" ignored="0" total="1" passed="1">
  <reporter-output>
  </reporter-output>
  <suite name="Default suite" duration-ms="27855" started-at="2019-04-19T13:57:03Z" finished-at="2019-04-19T13:57:31Z">
    <groups>
    </groups>
    <test name="Default test" duration-ms="27855" started-at="2019-04-19T13:57:03Z" finished-at="2019-04-19T13:57:31Z">
      <class name="com.test.LinkPresent">
        <test-method status="PASS" signature="linkNamePresent()[pri:0, instance:com.test.LinkPresent@c0edeb]" name="linkNamePresent" duration-ms="27776" started-at="2019-04-19T19:27:03Z" finished-at="2019-04-19T19:27:31Z">
          <reporter-output>
          </reporter-output>
        </test-method> <!-- linkNamePresent -->
      </class> <!-- com.test.LinkPresent -->
    </test> <!-- Default test -->
  </suite> <!-- Default suite -->
</testng-results>
