<?xml version="1.0" encoding="UTF-8"?>
<!-- Generated by org.testng.reporters.JUnitXMLReporter -->
<testsuite hostname="Welcome-PC" ignored="0" name="Sprit1" tests="2" failures="1" timestamp="12 Sep 2017 06:07:40 GMT" time="0.454" errors="0">
  <testcase name="testFB" time="0.071" classname="com.test.RunFailedTC"/>
  <testcase name="testWordpress" time="0.082" classname="com.test.RunFailedTC2">
    <failure type="junit.framework.AssertionFailedError">
      <![CDATA[junit.framework.AssertionFailedError
	at junit.framework.Assert.fail(Assert.java:55)
	at junit.framework.Assert.assertTrue(Assert.java:22)
	at junit.framework.Assert.assertTrue(Assert.java:31)
	at com.test.RunFailedTC2.testWordpress(RunFailedTC2.java:12)
... Removed 25 stack frames]]>
    </failure>
  </testcase> <!-- testWordpress -->
</testsuite> <!-- Sprit1 -->
