<?xml version="1.0" encoding="UTF-8"?>
<!-- Generated by org.testng.reporters.JUnitXMLReporter -->
<testsuite hostname="Welcome-PC" ignored="0" name="Sprit1(failed)" tests="1" failures="1" timestamp="12 Sep 2017 06:13:00 GMT" time="0.182" errors="0">
  <testcase name="testWordpress" time="0.07" classname="com.test.RunFailedTC2">
    <failure type="junit.framework.AssertionFailedError">
      <![CDATA[junit.framework.AssertionFailedError
	at junit.framework.Assert.fail(Assert.java:55)
	at junit.framework.Assert.assertTrue(Assert.java:22)
	at junit.framework.Assert.assertTrue(Assert.java:31)
	at com.test.RunFailedTC2.testWordpress(RunFailedTC2.java:12)
... Removed 25 stack frames]]>
    </failure>
  </testcase> <!-- testWordpress -->
</testsuite> <!-- Sprit1(failed) -->
